
*** Running vivado
    with args -log FA_0.vds -m64 -product Vivado -mode batch -messageDb vivado.pb -notrace -source FA_0.tcl


****** Vivado v2018.2 (64-bit)
  **** SW Build 2258646 on Thu Jun 14 20:03:12 MDT 2018
  **** IP Build 2256618 on Thu Jun 14 22:10:49 MDT 2018
    ** Copyright 1986-2018 Xilinx, Inc. All Rights Reserved.

source FA_0.tcl -notrace
Command: synth_design -top FA_0 -part xc7a35tcpg236-1 -mode out_of_context
Starting synth_design
Attempting to get a license for feature 'Synthesis' and/or device 'xc7a35t'
INFO: [Common 17-349] Got license for feature 'Synthesis' and/or device 'xc7a35t'
INFO: Launching helper process for spawning children vivado processes
INFO: Helper process launched with PID 15292 
---------------------------------------------------------------------------------
Starting RTL Elaboration : Time (s): cpu = 00:00:01 ; elapsed = 00:00:02 . Memory (MB): peak = 409.594 ; gain = 97.074
---------------------------------------------------------------------------------
INFO: [Synth 8-638] synthesizing module 'FA_0' [d:/Academic/02. Computer Organization and Digital Design/Lab Work/LAB_3/LAB_3.srcs/sources_1/ip/FA_0/synth/FA_0.vhd:66]
INFO: [Synth 8-3491] module 'FA' declared at 'd:/Academic/02. Computer Organization and Digital Design/Lab Work/LAB_3/Academic/02. Computer Organization and Digital Design/Lab Work/LAB_3/LAB_3.srcs/sources_1/new/FA.vhd:34' bound to instance 'U0' of component 'FA' [d:/Academic/02. Computer Organization and Digital Design/Lab Work/LAB_3/LAB_3.srcs/sources_1/ip/FA_0/synth/FA_0.vhd:87]
INFO: [Synth 8-638] synthesizing module 'FA' [d:/Academic/02. Computer Organization and Digital Design/Lab Work/LAB_3/Academic/02. Computer Organization and Digital Design/Lab Work/LAB_3/LAB_3.srcs/sources_1/new/FA.vhd:42]
INFO: [Synth 8-3491] module 'HA' declared at 'd:/Academic/02. Computer Organization and Digital Design/Lab Work/LAB_3/Academic/02. Computer Organization and Digital Design/Lab Work/LAB_3/LAB_3.srcs/sources_1/new/HA.vhd:34' bound to instance 'HA_0' of component 'HA' [d:/Academic/02. Computer Organization and Digital Design/Lab Work/LAB_3/Academic/02. Computer Organization and Digital Design/Lab Work/LAB_3/LAB_3.srcs/sources_1/new/FA.vhd:54]
INFO: [Synth 8-638] synthesizing module 'HA' [d:/Academic/02. Computer Organization and Digital Design/Lab Work/LAB_3/Academic/02. Computer Organization and Digital Design/Lab Work/LAB_3/LAB_3.srcs/sources_1/new/HA.vhd:41]
INFO: [Synth 8-256] done synthesizing module 'HA' (1#1) [d:/Academic/02. Computer Organization and Digital Design/Lab Work/LAB_3/Academic/02. Computer Organization and Digital Design/Lab Work/LAB_3/LAB_3.srcs/sources_1/new/HA.vhd:41]
INFO: [Synth 8-3491] module 'HA' declared at 'd:/Academic/02. Computer Organization and Digital Design/Lab Work/LAB_3/Academic/02. Computer Organization and Digital Design/Lab Work/LAB_3/LAB_3.srcs/sources_1/new/HA.vhd:34' bound to instance 'HA_1' of component 'HA' [d:/Academic/02. Computer Organization and Digital Design/Lab Work/LAB_3/Academic/02. Computer Organization and Digital Design/Lab Work/LAB_3/LAB_3.srcs/sources_1/new/FA.vhd:61]
INFO: [Synth 8-256] done synthesizing module 'FA' (2#1) [d:/Academic/02. Computer Organization and Digital Design/Lab Work/LAB_3/Academic/02. Computer Organization and Digital Design/Lab Work/LAB_3/LAB_3.srcs/sources_1/new/FA.vhd:42]
INFO: [Synth 8-256] done synthesizing module 'FA_0' (3#1) [d:/Academic/02. Computer Organization and Digital Design/Lab Work/LAB_3/LAB_3.srcs/sources_1/ip/FA_0/synth/FA_0.vhd:66]
---------------------------------------------------------------------------------
Finished RTL Elaboration : Time (s): cpu = 00:00:02 ; elapsed = 00:00:02 . Memory (MB): peak = 465.012 ; gain = 152.492
---------------------------------------------------------------------------------

Report Check Netlist: 
+------+------------------+-------+---------+-------+------------------+
|      |Item              |Errors |Warnings |Status |Description       |
+------+------------------+-------+---------+-------+------------------+
|1     |multi_driven_nets |      0|        0|Passed |Multi driven nets |
+------+------------------+-------+---------+-------+------------------+
---------------------------------------------------------------------------------
Start Handling Custom Attributes
---------------------------------------------------------------------------------
---------------------------------------------------------------------------------
Finished Handling Custom Attributes : Time (s): cpu = 00:00:02 ; elapsed = 00:00:02 . Memory (MB): peak = 465.012 ; gain = 152.492
---------------------------------------------------------------------------------
---------------------------------------------------------------------------------
Finished RTL Optimization Phase 1 : Time (s): cpu = 00:00:02 ; elapsed = 00:00:02 . Memory (MB): peak = 465.012 ; gain = 152.492
---------------------------------------------------------------------------------
INFO: [Device 21-403] Loading part xc7a35tcpg236-1
INFO: [Project 1-570] Preparing netlist for logic optimization

Processing XDC Constraints
Initializing timing engine
Parsing XDC File [d:/Academic/02. Computer Organization and Digital Design/Lab Work/LAB_3/Academic/02. Computer Organization and Digital Design/Lab Work/LAB_3/HA.xdc] for cell 'U0'
WARNING: [Vivado 12-584] No ports matched 'C'. [d:/Academic/02. Computer Organization and Digital Design/Lab Work/LAB_3/Academic/02. Computer Organization and Digital Design/Lab Work/LAB_3/HA.xdc:49]
CRITICAL WARNING: [Common 17-55] 'set_property' expects at least one object. [d:/Academic/02. Computer Organization and Digital Design/Lab Work/LAB_3/Academic/02. Computer Organization and Digital Design/Lab Work/LAB_3/HA.xdc:49]
Resolution: If [get_<value>] was used to populate the object, check to make sure this command returns at least one valid object.
WARNING: [Vivado 12-584] No ports matched 'C'. [d:/Academic/02. Computer Organization and Digital Design/Lab Work/LAB_3/Academic/02. Computer Organization and Digital Design/Lab Work/LAB_3/HA.xdc:50]
CRITICAL WARNING: [Common 17-55] 'set_property' expects at least one object. [d:/Academic/02. Computer Organization and Digital Design/Lab Work/LAB_3/Academic/02. Computer Organization and Digital Design/Lab Work/LAB_3/HA.xdc:50]
Resolution: If [get_<value>] was used to populate the object, check to make sure this command returns at least one valid object.
Finished Parsing XDC File [d:/Academic/02. Computer Organization and Digital Design/Lab Work/LAB_3/Academic/02. Computer Organization and Digital Design/Lab Work/LAB_3/HA.xdc] for cell 'U0'
INFO: [Project 1-236] Implementation specific constraints were found while reading constraint file [d:/Academic/02. Computer Organization and Digital Design/Lab Work/LAB_3/Academic/02. Computer Organization and Digital Design/Lab Work/LAB_3/HA.xdc]. These constraints will be ignored for synthesis but will be used in implementation. Impacted constraints are listed in the file [.Xil/FA_0_propImpl.xdc].
Resolution: To avoid this warning, move constraints listed in [.Xil/FA_0_propImpl.xdc] to another XDC file and exclude this new file from synthesis with the used_in_synthesis property (File Properties dialog in GUI) and re-run elaboration/synthesis.
Parsing XDC File [d:/Academic/02. Computer Organization and Digital Design/Lab Work/LAB_3/Academic/02. Computer Organization and Digital Design/Lab Work/LAB_3/FA.xdc] for cell 'U0'
Finished Parsing XDC File [d:/Academic/02. Computer Organization and Digital Design/Lab Work/LAB_3/Academic/02. Computer Organization and Digital Design/Lab Work/LAB_3/FA.xdc] for cell 'U0'
INFO: [Project 1-236] Implementation specific constraints were found while reading constraint file [d:/Academic/02. Computer Organization and Digital Design/Lab Work/LAB_3/Academic/02. Computer Organization and Digital Design/Lab Work/LAB_3/FA.xdc]. These constraints will be ignored for synthesis but will be used in implementation. Impacted constraints are listed in the file [.Xil/FA_0_propImpl.xdc].
Resolution: To avoid this warning, move constraints listed in [.Xil/FA_0_propImpl.xdc] to another XDC file and exclude this new file from synthesis with the used_in_synthesis property (File Properties dialog in GUI) and re-run elaboration/synthesis.
Parsing XDC File [D:/Academic/02. Computer Organization and Digital Design/Lab Work/LAB_3/LAB_3.runs/FA_0_synth_1/dont_touch.xdc]
Finished Parsing XDC File [D:/Academic/02. Computer Organization and Digital Design/Lab Work/LAB_3/LAB_3.runs/FA_0_synth_1/dont_touch.xdc]
Completed Processing XDC Constraints

INFO: [Project 1-111] Unisim Transformation Summary:
No Unisim elements were transformed.

Constraint Validation Runtime : Time (s): cpu = 00:00:00 ; elapsed = 00:00:00.012 . Memory (MB): peak = 726.434 ; gain = 0.000
---------------------------------------------------------------------------------
Finished Constraint Validation : Time (s): cpu = 00:00:07 ; elapsed = 00:00:09 . Memory (MB): peak = 726.434 ; gain = 413.914
---------------------------------------------------------------------------------
---------------------------------------------------------------------------------
Start Loading Part and Timing Information
---------------------------------------------------------------------------------
Loading part: xc7a35tcpg236-1
---------------------------------------------------------------------------------
Finished Loading Part and Timing Information : Time (s): cpu = 00:00:07 ; elapsed = 00:00:09 . Memory (MB): peak = 726.434 ; gain = 413.914
---------------------------------------------------------------------------------
---------------------------------------------------------------------------------
Start Applying 'set_property' XDC Constraints
---------------------------------------------------------------------------------
Applied set_property DONT_TOUCH = true for U0. (constraint file  {D:/Academic/02. Computer Organization and Digital Design/Lab Work/LAB_3/LAB_3.runs/FA_0_synth_1/dont_touch.xdc}, line 9).
---------------------------------------------------------------------------------
Finished applying 'set_property' XDC Constraints : Time (s): cpu = 00:00:07 ; elapsed = 00:00:09 . Memory (MB): peak = 726.434 ; gain = 413.914
---------------------------------------------------------------------------------
---------------------------------------------------------------------------------
Finished RTL Optimization Phase 2 : Time (s): cpu = 00:00:07 ; elapsed = 00:00:09 . Memory (MB): peak = 726.434 ; gain = 413.914
---------------------------------------------------------------------------------

Report RTL Partitions: 
+-+--------------+------------+----------+
| |RTL Partition |Replication |Instances |
+-+--------------+------------+----------+
+-+--------------+------------+----------+
---------------------------------------------------------------------------------
Start RTL Component Statistics 
---------------------------------------------------------------------------------
Detailed RTL Component Info : 
+---XORs : 
	   2 Input      1 Bit         XORs := 2     
---------------------------------------------------------------------------------
Finished RTL Component Statistics 
---------------------------------------------------------------------------------
---------------------------------------------------------------------------------
Start RTL Hierarchical Component Statistics 
---------------------------------------------------------------------------------
Hierarchical RTL Component report 
Module HA 
Detailed RTL Component Info : 
+---XORs : 
	   2 Input      1 Bit         XORs := 1     
---------------------------------------------------------------------------------
Finished RTL Hierarchical Component Statistics
---------------------------------------------------------------------------------
---------------------------------------------------------------------------------
Start Part Resource Summary
---------------------------------------------------------------------------------
Part Resources:
DSPs: 90 (col length:60)
BRAMs: 100 (col length: RAMB18 60 RAMB36 30)
---------------------------------------------------------------------------------
Finished Part Resource Summary
---------------------------------------------------------------------------------
---------------------------------------------------------------------------------
Start Cross Boundary and Area Optimization
---------------------------------------------------------------------------------
Warning: Parallel synthesis criteria is not met 
---------------------------------------------------------------------------------
Finished Cross Boundary and Area Optimization : Time (s): cpu = 00:00:08 ; elapsed = 00:00:09 . Memory (MB): peak = 726.434 ; gain = 413.914
---------------------------------------------------------------------------------

Report RTL Partitions: 
+-+--------------+------------+----------+
| |RTL Partition |Replication |Instances |
+-+--------------+------------+----------+
+-+--------------+------------+----------+
---------------------------------------------------------------------------------
Start Applying XDC Timing Constraints
---------------------------------------------------------------------------------
---------------------------------------------------------------------------------
Finished Applying XDC Timing Constraints : Time (s): cpu = 00:00:13 ; elapsed = 00:00:16 . Memory (MB): peak = 774.605 ; gain = 462.086
---------------------------------------------------------------------------------
---------------------------------------------------------------------------------
Start Timing Optimization
---------------------------------------------------------------------------------
---------------------------------------------------------------------------------
Finished Timing Optimization : Time (s): cpu = 00:00:13 ; elapsed = 00:00:16 . Memory (MB): peak = 774.605 ; gain = 462.086
---------------------------------------------------------------------------------

Report RTL Partitions: 
+-+--------------+------------+----------+
| |RTL Partition |Replication |Instances |
+-+--------------+------------+----------+
+-+--------------+------------+----------+
---------------------------------------------------------------------------------
Start Technology Mapping
---------------------------------------------------------------------------------
---------------------------------------------------------------------------------
Finished Technology Mapping : Time (s): cpu = 00:00:13 ; elapsed = 00:00:16 . Memory (MB): peak = 774.605 ; gain = 462.086
---------------------------------------------------------------------------------

Report RTL Partitions: 
+-+--------------+------------+----------+
| |RTL Partition |Replication |Instances |
+-+--------------+------------+----------+
+-+--------------+------------+----------+
---------------------------------------------------------------------------------
Start IO Insertion
---------------------------------------------------------------------------------
---------------------------------------------------------------------------------
Start Flattening Before IO Insertion
---------------------------------------------------------------------------------
---------------------------------------------------------------------------------
Finished Flattening Before IO Insertion
---------------------------------------------------------------------------------
---------------------------------------------------------------------------------
Start Final Netlist Cleanup
---------------------------------------------------------------------------------
---------------------------------------------------------------------------------
Finished Final Netlist Cleanup
---------------------------------------------------------------------------------
---------------------------------------------------------------------------------
Finished IO Insertion : Time (s): cpu = 00:00:14 ; elapsed = 00:00:16 . Memory (MB): peak = 775.734 ; gain = 463.215
---------------------------------------------------------------------------------

Report Check Netlist: 
+------+------------------+-------+---------+-------+------------------+
|      |Item              |Errors |Warnings |Status |Description       |
+------+------------------+-------+---------+-------+------------------+
|1     |multi_driven_nets |      0|        0|Passed |Multi driven nets |
+------+------------------+-------+---------+-------+------------------+
---------------------------------------------------------------------------------
Start Renaming Generated Instances
---------------------------------------------------------------------------------
---------------------------------------------------------------------------------
Finished Renaming Generated Instances : Time (s): cpu = 00:00:14 ; elapsed = 00:00:16 . Memory (MB): peak = 775.734 ; gain = 463.215
---------------------------------------------------------------------------------

Report RTL Partitions: 
+-+--------------+------------+----------+
| |RTL Partition |Replication |Instances |
+-+--------------+------------+----------+
+-+--------------+------------+----------+
---------------------------------------------------------------------------------
Start Rebuilding User Hierarchy
---------------------------------------------------------------------------------
---------------------------------------------------------------------------------
Finished Rebuilding User Hierarchy : Time (s): cpu = 00:00:14 ; elapsed = 00:00:16 . Memory (MB): peak = 775.734 ; gain = 463.215
---------------------------------------------------------------------------------
---------------------------------------------------------------------------------
Start Renaming Generated Ports
---------------------------------------------------------------------------------
---------------------------------------------------------------------------------
Finished Renaming Generated Ports : Time (s): cpu = 00:00:14 ; elapsed = 00:00:16 . Memory (MB): peak = 775.734 ; gain = 463.215
---------------------------------------------------------------------------------
---------------------------------------------------------------------------------
Start Handling Custom Attributes
---------------------------------------------------------------------------------
---------------------------------------------------------------------------------
Finished Handling Custom Attributes : Time (s): cpu = 00:00:14 ; elapsed = 00:00:16 . Memory (MB): peak = 775.734 ; gain = 463.215
---------------------------------------------------------------------------------
---------------------------------------------------------------------------------
Start Renaming Generated Nets
---------------------------------------------------------------------------------
---------------------------------------------------------------------------------
Finished Renaming Generated Nets : Time (s): cpu = 00:00:14 ; elapsed = 00:00:16 . Memory (MB): peak = 775.734 ; gain = 463.215
---------------------------------------------------------------------------------
---------------------------------------------------------------------------------
Start Writing Synthesis Report
---------------------------------------------------------------------------------

Report BlackBoxes: 
+-+--------------+----------+
| |BlackBox name |Instances |
+-+--------------+----------+
+-+--------------+----------+

Report Cell Usage: 
+------+-----+------+
|      |Cell |Count |
+------+-----+------+
|1     |LUT3 |     2|
+------+-----+------+

Report Instance Areas: 
+------+---------+-------+------+
|      |Instance |Module |Cells |
+------+---------+-------+------+
|1     |top      |       |     2|
|2     |  U0     |FA     |     2|
+------+---------+-------+------+
---------------------------------------------------------------------------------
Finished Writing Synthesis Report : Time (s): cpu = 00:00:14 ; elapsed = 00:00:16 . Memory (MB): peak = 775.734 ; gain = 463.215
---------------------------------------------------------------------------------
Synthesis finished with 0 errors, 0 critical warnings and 0 warnings.
Synthesis Optimization Runtime : Time (s): cpu = 00:00:08 ; elapsed = 00:00:11 . Memory (MB): peak = 775.746 ; gain = 201.805
Synthesis Optimization Complete : Time (s): cpu = 00:00:14 ; elapsed = 00:00:16 . Memory (MB): peak = 775.746 ; gain = 463.227
INFO: [Project 1-571] Translating synthesized netlist
INFO: [Project 1-570] Preparing netlist for logic optimization
INFO: [Opt 31-138] Pushed 0 inverter(s) to 0 load pin(s).
INFO: [Project 1-111] Unisim Transformation Summary:
No Unisim elements were transformed.

INFO: [Common 17-83] Releasing license: Synthesis
20 Infos, 2 Warnings, 2 Critical Warnings and 0 Errors encountered.
synth_design completed successfully
synth_design: Time (s): cpu = 00:00:15 ; elapsed = 00:00:18 . Memory (MB): peak = 797.973 ; gain = 496.988
WARNING: [Constraints 18-5210] No constraint will be written out.
INFO: [Common 17-1381] The checkpoint 'D:/Academic/02. Computer Organization and Digital Design/Lab Work/LAB_3/LAB_3.runs/FA_0_synth_1/FA_0.dcp' has been generated.
